<?xml version="1.0" encoding="UTF-8"?>
<testsuite xmlns:xsi="http://www.w3.org/2001/XMLSchema-instance" xsi:noNamespaceSchemaLocation="https://maven.apache.org/surefire/maven-surefire-plugin/xsd/surefire-test-report-3.0.xsd" version="3.0" name="com.choosethename.backend.controller.ListControllerIntegrationTest" time="7.26" tests="1" errors="0" skipped="0" failures="0">
  <properties>
[...]
</properties>
  <testcase name="testSpec002Scenarios" classname="com.choosethename.backend.controller.ListControllerIntegrationTest" time="5.504">
    <system-out><![CDATA[16:53:01.480 [main] INFO org.springframework.test.context.support.AnnotationConfigContextLoaderUtils -- Could not detect default configuration classes for test class [com.choosethename.backend.controller.ListControllerIntegrationTest]: ListControllerIntegrationTest does not declare any static, non-private, non-final, nested classes annotated with @Configuration.
16:53:01.515 [main] INFO org.springframework.boot.test.context.SpringBootTestContextBootstrapper -- Found @SpringBootConfiguration com.choosethename.backend.BackendApplication for test class com.choosethename.backend.controller.ListControllerIntegrationTest

  .   ____          _            __ _ _
 /\\ / ___'_ __ _ _(_)_ __  __ _ \ \ \ \
( ( )\___ | '_ | '_| | '_ \/ _` | \ \ \ \
 \\/  ___)| |_)| | | | | || (_| |  ) ) ) )
  '  |____| .__|_| |_|_| |_\__, | / / / /
 =========|_|==============|___/=/_/_/_/

 :: Spring Boot ::                (v3.3.3)

2026-09-14T16:53:01.641+02:00  INFO 33884 --- [choosethename-backend-test] [           main] c.c.b.c.ListControllerIntegrationTest    : Starting ListControllerIntegrationTest using Java 17.0.15 with PID 33884 (started by alvaro in /Users/alvaro/Dev/choosethename/backend)
2026-09-14T16:53:01.641+02:00  INFO 33884 --- [choosethename-backend-test] [           main] c.c.b.c.ListControllerIntegrationTest    : No active profile set, falling back to 1 default profile: "default"
2026-09-14T16:53:01.912+02:00  INFO 33884 --- [choosethename-backend-test] [           main] .s.d.r.c.RepositoryConfigurationDelegate : Bootstrapping Spring Data JPA repositories in DEFAULT mode.
2026-09-14T16:53:01.936+02:00  INFO 33884 --- [choosethename-backend-test] [           main] .s.d.r.c.RepositoryConfigurationDelegate : Finished Spring Data repository scanning in 21 ms. Found 3 JPA repository interfaces.
2026-09-14T16:53:02.116+02:00  INFO 33884 --- [choosethename-backend-test] [           main] o.s.b.w.embedded.tomcat.TomcatWebServer  : Tomcat initialized with port 0 (http)
2026-09-14T16:53:02.121+02:00  INFO 33884 --- [choosethename-backend-test] [           main] o.apache.catalina.core.StandardService   : Starting service [Tomcat]
2026-09-14T16:53:02.121+02:00  INFO 33884 --- [choosethename-backend-test] [           main] o.apache.catalina.core.StandardEngine    : Starting Servlet engine: [Apache Tomcat/10.1.28]
2026-09-14T16:53:02.138+02:00  INFO 33884 --- [choosethename-backend-test] [           main] o.a.c.c.C.[Tomcat].[localhost].[/]       : Initializing Spring embedded WebApplicationContext
2026-09-14T16:53:02.139+02:00  INFO 33884 --- [choosethename-backend-test] [           main] w.s.c.ServletWebServerApplicationContext : Root WebApplicationContext: initialization completed in 427 ms
2026-09-14T16:53:02.205+02:00  INFO 33884 --- [choosethename-backend-test] [           main] com.zaxxer.hikari.HikariDataSource       : HikariPool-1 - Starting...
2026-09-14T16:53:02.273+02:00  INFO 33884 --- [choosethename-backend-test] [           main] com.zaxxer.hikari.pool.HikariPool        : HikariPool-1 - Added connection conn0: url=jdbc:h2:mem:testdb user=SA
2026-09-14T16:53:02.274+02:00  INFO 33884 --- [choosethename-backend-test] [           main] com.zaxxer.hikari.HikariDataSource       : HikariPool-1 - Start completed.
2026-09-14T16:53:02.291+02:00  INFO 33884 --- [choosethename-backend-test] [           main] org.flywaydb.core.FlywayExecutor         : Database: jdbc:h2:mem:testdb (H2 2.2)
2026-09-14T16:53:02.295+02:00  WARN 33884 --- [choosethename-backend-test] [           main] o.f.c.internal.database.base.Database    : Flyway upgrade recommended: H2 2.2.224 is newer than this version of Flyway and support has not been tested. The latest supported version of H2 is 2.2.220.
2026-09-14T16:53:02.301+02:00  INFO 33884 --- [choosethename-backend-test] [           main] o.f.c.i.s.JdbcTableSchemaHistory         : Schema history table "PUBLIC"."flyway_schema_history" does not exist yet
2026-09-14T16:53:02.302+02:00  INFO 33884 --- [choosethename-backend-test] [           main] o.f.core.internal.command.DbValidate     : Successfully validated 2 migrations (execution time 00:00.004s)
2026-09-14T16:53:02.305+02:00  INFO 33884 --- [choosethename-backend-test] [           main] o.f.c.i.s.JdbcTableSchemaHistory         : Creating Schema History table "PUBLIC"."flyway_schema_history" ...
2026-09-14T16:53:02.317+02:00  INFO 33884 --- [choosethename-backend-test] [           main] o.f.core.internal.command.DbMigrate      : Current version of schema "PUBLIC": << Empty Schema >>
2026-09-14T16:53:02.319+02:00  INFO 33884 --- [choosethename-backend-test] [           main] o.f.core.internal.command.DbMigrate      : Migrating schema "PUBLIC" to version "1 - create users table"
2026-09-14T16:53:02.326+02:00  INFO 33884 --- [choosethename-backend-test] [           main] o.f.core.internal.command.DbMigrate      : Migrating schema "PUBLIC" to version "2 - create lists tables"
2026-09-14T16:53:02.333+02:00  INFO 33884 --- [choosethename-backend-test] [           main] o.f.core.internal.command.DbMigrate      : Successfully applied 2 migrations to schema "PUBLIC", now at version v2 (execution time 00:00.006s)
2026-09-14T16:53:02.363+02:00  INFO 33884 --- [choosethename-backend-test] [           main] o.hibernate.jpa.internal.util.LogHelper  : HHH000204: Processing PersistenceUnitInfo [name: default]
2026-09-14T16:53:02.384+02:00  INFO 33884 --- [choosethename-backend-test] [           main] org.hibernate.Version                    : HHH000412: Hibernate ORM core version 6.5.2.Final
2026-09-14T16:53:02.394+02:00  INFO 33884 --- [choosethename-backend-test] [           main] o.h.c.internal.RegionFactoryInitiator    : HHH000026: Second-level cache disabled
2026-09-14T16:53:02.486+02:00  INFO 33884 --- [choosethename-backend-test] [           main] o.s.o.j.p.SpringPersistenceUnitInfo      : No LoadTimeWeaver setup: ignoring JPA class transformer
2026-09-14T16:53:02.501+02:00  WARN 33884 --- [choosethename-backend-test] [           main] org.hibernate.orm.deprecation            : HHH90000025: H2Dialect does not need to be specified explicitly using 'hibernate.dialect' (remove the property setting and it will be selected by default)
2026-09-14T16:53:02.776+02:00  INFO 33884 --- [choosethename-backend-test] [           main] o.h.e.t.j.p.i.JtaPlatformInitiator       : HHH000489: No JTA platform available (set 'hibernate.transaction.jta.platform' to enable JTA platform integration)
2026-09-14T16:53:02.783+02:00  INFO 33884 --- [choosethename-backend-test] [           main] j.LocalContainerEntityManagerFactoryBean : Initialized JPA EntityManagerFactory for persistence unit 'default'
2026-09-14T16:53:02.882+02:00  INFO 33884 --- [choosethename-backend-test] [           main] o.s.d.j.r.query.QueryEnhancerFactory     : Hibernate is in classpath; If applicable, HQL parser will be used.
2026-09-14T16:53:03.025+02:00  WARN 33884 --- [choosethename-backend-test] [           main] JpaBaseConfiguration$JpaWebConfiguration : spring.jpa.open-in-view is enabled by default. Therefore, database queries may be performed during view rendering. Explicitly configure spring.jpa.open-in-view to disable this warning
2026-09-14T16:53:03.030+02:00  WARN 33884 --- [choosethename-backend-test] [           main] .s.s.UserDetailsServiceAutoConfiguration : 

Using generated security password: 6820dea8-2cd2-48bc-b256-2f10ada5e3dc

This generated password is for development use only. Your security configuration must be updated before running your application in production.

2026-09-14T16:53:03.032+02:00  INFO 33884 --- [choosethename-backend-test] [           main] r$InitializeUserDetailsManagerConfigurer : Global AuthenticationManager configured with UserDetailsService bean with name inMemoryUserDetailsManager
2026-09-14T16:53:03.205+02:00  INFO 33884 --- [choosethename-backend-test] [           main] o.s.b.w.embedded.tomcat.TomcatWebServer  : Tomcat started on port 55012 (http) with context path '/'
2026-09-14T16:53:03.208+02:00  INFO 33884 --- [choosethename-backend-test] [           main] c.c.b.c.ListControllerIntegrationTest    : Started ListControllerIntegrationTest in 1.657 seconds (process running for 2.16)
2026-09-14T16:53:03.768+02:00  INFO 33884 --- [choosethename-backend-test] [o-auto-1-exec-1] o.a.c.c.C.[Tomcat].[localhost].[/]       : Initializing Spring DispatcherServlet 'dispatcherServlet'
2026-09-14T16:53:03.768+02:00  INFO 33884 --- [choosethename-backend-test] [o-auto-1-exec-1] o.s.web.servlet.DispatcherServlet        : Initializing Servlet 'dispatcherServlet'
2026-09-14T16:53:03.768+02:00  INFO 33884 --- [choosethename-backend-test] [o-auto-1-exec-1] o.s.web.servlet.DispatcherServlet        : Completed initialization in 0 ms
]]></system-out>
  </testcase>
</testsuite>