<?xml version="1.0" encoding="UTF-8"?>
<testsuite xmlns:xsi="http://www.w3.org/2001/XMLSchema-instance" xsi:noNamespaceSchemaLocation="https://maven.apache.org/surefire/maven-surefire-plugin/xsd/surefire-test-report-3.0.xsd" version="3.0" name="com.choosethename.backend.repository.VotingRepositoryTest" time="2.334" tests="6" errors="0" skipped="0" failures="0">
  <properties>
[...]
</properties>
  <testcase name="shouldCountPoolNamesForList" classname="com.choosethename.backend.repository.VotingRepositoryTest" time="0.282">
    <system-out><![CDATA[20:55:50.181 [main] INFO org.springframework.test.context.support.AnnotationConfigContextLoaderUtils -- Could not detect default configuration classes for test class [com.choosethename.backend.repository.VotingRepositoryTest]: VotingRepositoryTest does not declare any static, non-private, non-final, nested classes annotated with @Configuration.
20:55:50.222 [main] INFO org.springframework.boot.test.context.SpringBootTestContextBootstrapper -- Found @SpringBootConfiguration com.choosethename.backend.BackendApplication for test class com.choosethename.backend.repository.VotingRepositoryTest

  .   ____          _            __ _ _
 /\\ / ___'_ __ _ _(_)_ __  __ _ \ \ \ \
( ( )\___ | '_ | '_| | '_ \/ _` | \ \ \ \
 \\/  ___)| |_)| | | | | || (_| |  ) ) ) )
  '  |____| .__|_| |_|_| |_\__, | / / / /
 =========|_|==============|___/=/_/_/_/

 :: Spring Boot ::                (v3.3.3)

2026-09-17T20:55:50.345+02:00  INFO 40972 --- [choosethename-backend-test] [           main] c.c.b.repository.VotingRepositoryTest    : Starting VotingRepositoryTest using Java 17.0.15 with PID 40972 (started by alvaro in /Users/alvaro/Dev/choosethename/backend)
2026-09-17T20:55:50.345+02:00  INFO 40972 --- [choosethename-backend-test] [           main] c.c.b.repository.VotingRepositoryTest    : No active profile set, falling back to 1 default profile: "default"
2026-09-17T20:55:50.628+02:00  INFO 40972 --- [choosethename-backend-test] [           main] .s.d.r.c.RepositoryConfigurationDelegate : Bootstrapping Spring Data JPA repositories in DEFAULT mode.
2026-09-17T20:55:50.654+02:00  INFO 40972 --- [choosethename-backend-test] [           main] .s.d.r.c.RepositoryConfigurationDelegate : Finished Spring Data repository scanning in 23 ms. Found 7 JPA repository interfaces.
2026-09-17T20:55:50.894+02:00  INFO 40972 --- [choosethename-backend-test] [           main] com.zaxxer.hikari.HikariDataSource       : HikariPool-1 - Starting...
2026-09-17T20:55:50.957+02:00  INFO 40972 --- [choosethename-backend-test] [           main] com.zaxxer.hikari.pool.HikariPool        : HikariPool-1 - Added connection conn0: url=jdbc:h2:mem:testdb user=SA
2026-09-17T20:55:50.957+02:00  INFO 40972 --- [choosethename-backend-test] [           main] com.zaxxer.hikari.HikariDataSource       : HikariPool-1 - Start completed.
2026-09-17T20:55:50.975+02:00  INFO 40972 --- [choosethename-backend-test] [           main] org.flywaydb.core.FlywayExecutor         : Database: jdbc:h2:mem:testdb (H2 2.2)
2026-09-17T20:55:50.981+02:00  WARN 40972 --- [choosethename-backend-test] [           main] o.f.c.internal.database.base.Database    : Flyway upgrade recommended: H2 2.2.224 is newer than this version of Flyway and support has not been tested. The latest supported version of H2 is 2.2.220.
2026-09-17T20:55:50.989+02:00  INFO 40972 --- [choosethename-backend-test] [           main] o.f.c.i.s.JdbcTableSchemaHistory         : Schema history table "PUBLIC"."flyway_schema_history" does not exist yet
2026-09-17T20:55:50.990+02:00  INFO 40972 --- [choosethename-backend-test] [           main] o.f.core.internal.command.DbValidate     : Successfully validated 6 migrations (execution time 00:00.005s)
2026-09-17T20:55:50.994+02:00  INFO 40972 --- [choosethename-backend-test] [           main] o.f.c.i.s.JdbcTableSchemaHistory         : Creating Schema History table "PUBLIC"."flyway_schema_history" ...
2026-09-17T20:55:51.012+02:00  INFO 40972 --- [choosethename-backend-test] [           main] o.f.core.internal.command.DbMigrate      : Current version of schema "PUBLIC": << Empty Schema >>
2026-09-17T20:55:51.016+02:00  INFO 40972 --- [choosethename-backend-test] [           main] o.f.core.internal.command.DbMigrate      : Migrating schema "PUBLIC" to version "1 - create users table"
2026-09-17T20:55:51.023+02:00  INFO 40972 --- [choosethename-backend-test] [           main] o.f.core.internal.command.DbMigrate      : Migrating schema "PUBLIC" to version "2 - create lists tables"
2026-09-17T20:55:51.032+02:00  INFO 40972 --- [choosethename-backend-test] [           main] o.f.core.internal.command.DbMigrate      : Migrating schema "PUBLIC" to version "3 - create names tables"
2026-09-17T20:55:51.041+02:00  INFO 40972 --- [choosethename-backend-test] [           main] o.f.core.internal.command.DbMigrate      : Migrating schema "PUBLIC" to version "4 - add finished at to list memberships"
2026-09-17T20:55:51.046+02:00  INFO 40972 --- [choosethename-backend-test] [           main] o.f.core.internal.command.DbMigrate      : Migrating schema "PUBLIC" to version "5 - add selection completed at"
2026-09-17T20:55:51.052+02:00  INFO 40972 --- [choosethename-backend-test] [           main] o.f.core.internal.command.DbMigrate      : Migrating schema "PUBLIC" to version "6 - create voting tables"
2026-09-17T20:55:51.070+02:00  INFO 40972 --- [choosethename-backend-test] [           main] o.f.core.internal.command.DbMigrate      : Successfully applied 6 migrations to schema "PUBLIC", now at version v6 (execution time 00:00.027s)
2026-09-17T20:55:51.109+02:00  INFO 40972 --- [choosethename-backend-test] [           main] o.hibernate.jpa.internal.util.LogHelper  : HHH000204: Processing PersistenceUnitInfo [name: default]
2026-09-17T20:55:51.128+02:00  INFO 40972 --- [choosethename-backend-test] [           main] org.hibernate.Version                    : HHH000412: Hibernate ORM core version 6.5.2.Final
2026-09-17T20:55:51.139+02:00  INFO 40972 --- [choosethename-backend-test] [           main] o.h.c.internal.RegionFactoryInitiator    : HHH000026: Second-level cache disabled
2026-09-17T20:55:51.230+02:00  INFO 40972 --- [choosethename-backend-test] [           main] o.s.o.j.p.SpringPersistenceUnitInfo      : No LoadTimeWeaver setup: ignoring JPA class transformer
2026-09-17T20:55:51.244+02:00  WARN 40972 --- [choosethename-backend-test] [           main] org.hibernate.orm.deprecation            : HHH90000025: H2Dialect does not need to be specified explicitly using 'hibernate.dialect' (remove the property setting and it will be selected by default)
2026-09-17T20:55:51.545+02:00  INFO 40972 --- [choosethename-backend-test] [           main] o.h.e.t.j.p.i.JtaPlatformInitiator       : HHH000489: No JTA platform available (set 'hibernate.transaction.jta.platform' to enable JTA platform integration)
2026-09-17T20:55:51.551+02:00  INFO 40972 --- [choosethename-backend-test] [           main] j.LocalContainerEntityManagerFactoryBean : Initialized JPA EntityManagerFactory for persistence unit 'default'
2026-09-17T20:55:51.670+02:00  INFO 40972 --- [choosethename-backend-test] [           main] o.s.d.j.r.query.QueryEnhancerFactory     : Hibernate is in classpath; If applicable, HQL parser will be used.
2026-09-17T20:55:51.891+02:00  WARN 40972 --- [choosethename-backend-test] [           main] JpaBaseConfiguration$JpaWebConfiguration : spring.jpa.open-in-view is enabled by default. Therefore, database queries may be performed during view rendering. Explicitly configure spring.jpa.open-in-view to disable this warning
2026-09-17T20:55:51.900+02:00  WARN 40972 --- [choosethename-backend-test] [           main] .s.s.UserDetailsServiceAutoConfiguration : 

Using generated security password: bf551898-fb81-475c-bc01-a1cb4dbf262b

This generated password is for development use only. Your security configuration must be updated before running your application in production.

2026-09-17T20:55:51.902+02:00  INFO 40972 --- [choosethename-backend-test] [           main] r$InitializeUserDetailsManagerConfigurer : Global AuthenticationManager configured with UserDetailsService bean with name inMemoryUserDetailsManager
2026-09-17T20:55:52.131+02:00  INFO 40972 --- [choosethename-backend-test] [           main] c.c.b.repository.VotingRepositoryTest    : Started VotingRepositoryTest in 1.875 seconds (process running for 2.324)
]]></system-out>
  </testcase>
  <testcase name="shouldFindAllRoundsForList" classname="com.choosethename.backend.repository.VotingRepositoryTest" time="0.016"/>
  <testcase name="shouldFindLatestRound" classname="com.choosethename.backend.repository.VotingRepositoryTest" time="0.008"/>
  <testcase name="shouldFindRoundByListAndNumber" classname="com.choosethename.backend.repository.VotingRepositoryTest" time="0.006"/>
  <testcase name="shouldFindAllVotesForListAndRound" classname="com.choosethename.backend.repository.VotingRepositoryTest" time="0.007"/>
  <testcase name="shouldFindVoteByListUserAndRound" classname="com.choosethename.backend.repository.VotingRepositoryTest" time="0.007"/>
</testsuite>